=== Tourism Platform Deployment Log ===
Started at: 2025-10-24 22:52:49
[2025-10-24 22:52:49] [INFO] Checking prerequisites...
[2025-10-24 22:52:49] [INFO] All prerequisites are met ✅
[2025-10-24 22:52:49] [INFO] Docker Swarm already initialized
[2025-10-24 22:52:49] [INFO] Creating overlay network...
[2025-10-24 22:52:49] [INFO] Cleaning up old services...
[2025-10-24 22:52:49] [INFO] Waiting for cleanup...
[2025-10-24 22:52:49] [INFO] Building Docker images...
[2025-10-24 22:52:49] [INFO] Deploying stack 'tourism-platform'...
[2025-10-24 22:52:49] [INFO] Waiting for services to start...
[2025-10-24 22:52:49] [INFO] Waiting for services to be healthy...
[2025-10-24 22:52:49] [INFO] Waiting for postgres to be healthy...
[2025-10-24 22:52:49] [INFO] Attempt 1/30: postgres not ready yet...
[2025-10-24 22:52:49] [INFO] postgres is running ✅
[2025-10-24 22:52:49] [INFO] Waiting for auth-service to be healthy...
[2025-10-24 22:52:49] [INFO] Attempt 1/30: auth-service not ready yet...
[2025-10-24 22:52:49] [INFO] Attempt 2/30: auth-service not ready yet...
[2025-10-24 22:52:49] [INFO] Attempt 3/30: auth-service not ready yet...
[2025-10-24 22:52:49] [INFO] Attempt 4/30: auth-service not ready yet...
[2025-10-24 22:52:49] [INFO] Attempt 5/30: auth-service not ready yet...
